c:\users\aaron\desktop\redraft\coursework\cmp105app\x64\debug\vc142.pdb
c:\users\aaron\desktop\redraft\coursework\cmp105app\x64\debug\vc142.idb
c:\users\aaron\desktop\redraft\coursework\cmp105app\x64\debug\options.obj
c:\users\aaron\desktop\redraft\coursework\cmp105app\x64\debug\main.obj
c:\users\aaron\desktop\redraft\coursework\cmp105app\x64\debug\level.obj
c:\users\aaron\desktop\redraft\coursework\cmp105app\x64\debug\vector.obj
c:\users\aaron\desktop\redraft\coursework\cmp105app\x64\debug\tilemap.obj
c:\users\aaron\desktop\redraft\coursework\cmp105app\x64\debug\soundobject.obj
c:\users\aaron\desktop\redraft\coursework\cmp105app\x64\debug\gameobject.obj
c:\users\aaron\desktop\redraft\coursework\cmp105app\x64\debug\musicobject.obj
c:\users\aaron\desktop\redraft\coursework\cmp105app\x64\debug\input.obj
c:\users\aaron\desktop\redraft\coursework\cmp105app\x64\debug\gamestate.obj
c:\users\aaron\desktop\redraft\coursework\cmp105app\x64\debug\collision.obj
c:\users\aaron\desktop\redraft\coursework\cmp105app\x64\debug\audiomanager.obj
c:\users\aaron\desktop\redraft\coursework\cmp105app\x64\debug\animation.obj
c:\users\aaron\desktop\redraft\coursework\cmp105app\x64\debug\enemymanager.obj
c:\users\aaron\desktop\redraft\coursework\cmp105app\x64\debug\enemy.obj
c:\users\aaron\desktop\redraft\coursework\cmp105app\x64\debug\button.obj
c:\users\aaron\desktop\redraft\coursework\cmp105app\x64\debug\bulletmanager.obj
c:\users\aaron\desktop\redraft\coursework\cmp105app\x64\debug\bullet.obj
c:\users\aaron\desktop\redraft\coursework\cmp105app\x64\debug\background.obj
c:\users\aaron\desktop\redraft\coursework\cmp105app\x64\debug\player.obj
c:\users\aaron\desktop\redraft\coursework\cmp105app\x64\debug\cmp105app.tlog\cl.command.1.tlog
c:\users\aaron\desktop\redraft\coursework\cmp105app\x64\debug\cmp105app.tlog\cl.read.1.tlog
c:\users\aaron\desktop\redraft\coursework\cmp105app\x64\debug\cmp105app.tlog\cl.write.1.tlog
